0 info it worked if it ends with ok
1 verbose cli [ '/usr/local/Cellar/node/6.4.0/bin/node',
1 verbose cli   '/usr/local/bin/npm',
1 verbose cli   'publish' ]
2 info using npm@3.10.3
3 info using node@v6.4.0
4 verbose publish [ '.' ]
5 silly cache add args [ '.', null ]
6 verbose cache add spec .
7 silly cache add parsed spec Result {
7 silly cache add   raw: '.',
7 silly cache add   scope: null,
7 silly cache add   escapedName: null,
7 silly cache add   name: null,
7 silly cache add   rawSpec: '.',
7 silly cache add   spec: '/Users/amincheloh/Dropbox/InformatixPlus/mozer-server/base91-prebuilt',
7 silly cache add   type: 'directory' }
8 verbose addLocalDirectory /Users/amincheloh/.npm/base91-prebuilt/0.0.5/package.tgz not in flight; packing
9 verbose correctMkdir /Users/amincheloh/.npm correctMkdir not in flight; initializing
10 info lifecycle base91-prebuilt@0.0.5~prepublish: base91-prebuilt@0.0.5
11 silly lifecycle base91-prebuilt@0.0.5~prepublish: no script for prepublish, continuing
12 verbose tar pack [ '/Users/amincheloh/.npm/base91-prebuilt/0.0.5/package.tgz',
12 verbose tar pack   '/Users/amincheloh/Dropbox/InformatixPlus/mozer-server/base91-prebuilt' ]
13 verbose tarball /Users/amincheloh/.npm/base91-prebuilt/0.0.5/package.tgz
14 verbose folder /Users/amincheloh/Dropbox/InformatixPlus/mozer-server/base91-prebuilt
15 verbose addLocalTarball adding from inside cache /Users/amincheloh/.npm/base91-prebuilt/0.0.5/package.tgz
16 verbose correctMkdir /Users/amincheloh/.npm correctMkdir not in flight; initializing
17 silly cache afterAdd base91-prebuilt@0.0.5
18 verbose afterAdd /Users/amincheloh/.npm/base91-prebuilt/0.0.5/package/package.json not in flight; writing
19 verbose correctMkdir /Users/amincheloh/.npm correctMkdir not in flight; initializing
20 verbose afterAdd /Users/amincheloh/.npm/base91-prebuilt/0.0.5/package/package.json written
21 silly publish { name: 'base91-prebuilt',
21 silly publish   version: '0.0.5',
21 silly publish   author: { name: 'Amin Cheloh', email: 'nineamin@hotmail.com' },
21 silly publish   description: 'base91 implementation in javascript for node.js and browsers',
21 silly publish   main: './lib/base91',
21 silly publish   scripts: { test: 'node test/test.js', install: 'node-gyp rebuild' },
21 silly publish   devDependencies: { nan: '^2.1.0' },
21 silly publish   engines: { node: '>=6.4.0' },
21 silly publish   keywords: [ 'base91', 'encoding', 'decoding', 'encoder', 'decoder' ],
21 silly publish   licenses:
21 silly publish    [ { type: 'MIT',
21 silly publish        url: 'http://github.com/mscdex/base91.js/raw/master/LICENSE' } ],
21 silly publish   repository:
21 silly publish    { type: 'git',
21 silly publish      url: 'git+https://github.com/amincheloh/base91-prebuilt.git' },
21 silly publish   gypfile: true,
21 silly publish   readme: 'Description\n===========\n\nbase91.js is a base91 implementation in javascript that allows encoding/decoding of data to/from an ASCII representation that is more compact than base64.\n\nMore information about the base91 algorithm itself can be found [here](http://base91.sourceforge.net/).\n\n\nRequirements\n============\n\n* [node.js](http://nodejs.org/) -- v6.4.0 or newer\n\n\nInstallation\n============\n\n    npm install base91\n\n\nExample\n=======\n\n```javascript\nvar base91 = require(\'base91\');\n\nconsole.log(base91.encode(\'node.js rules!\'));\nconsole.log(base91.decode(base91.encode(\'node.js rules!\')).toString());\n\n// outputs:\n// lref5gTT$FQ;C90ohA\n// node.js rules!\n```\n\n\nAPI\n===\n\nFunctions\n---------\n\n* **encode**(< _mixed_ >data) - _string_ - Encodes `data` and returns the resulting base91 representation. `data` can be a string or an Array-like object (e.g. Buffer in node.js, Uint8Array or Array in browsers).\n\n* **decode**(< _string_ >encodedData) - _mixed_ - Decodes `encodedData` and returns the result. For node.js, it will return a Buffer, otherwise it will return a Uint8Array if available, or a plain Array as a final fallback.\n',
21 silly publish   readmeFilename: 'README.md',
21 silly publish   gitHead: 'e1702ba9d83ce5a0cf4b1d7c830dd02b9a047e9e',
21 silly publish   bugs: { url: 'https://github.com/amincheloh/base91-prebuilt/issues' },
21 silly publish   homepage: 'https://github.com/amincheloh/base91-prebuilt#readme',
21 silly publish   _id: 'base91-prebuilt@0.0.5',
21 silly publish   _shasum: '214dc6bbf563dc4e5f4675a3dca4b658f0e982ce',
21 silly publish   _from: '.' }
22 verbose getPublishConfig undefined
23 silly mapToRegistry name base91-prebuilt
24 silly mapToRegistry using default registry
25 silly mapToRegistry registry https://registry.npmjs.org/
26 silly mapToRegistry data Result {
26 silly mapToRegistry   raw: 'base91-prebuilt',
26 silly mapToRegistry   scope: null,
26 silly mapToRegistry   escapedName: 'base91-prebuilt',
26 silly mapToRegistry   name: 'base91-prebuilt',
26 silly mapToRegistry   rawSpec: '',
26 silly mapToRegistry   spec: 'latest',
26 silly mapToRegistry   type: 'tag' }
27 silly mapToRegistry uri https://registry.npmjs.org/base91-prebuilt
28 verbose publish registryBase https://registry.npmjs.org/
29 silly publish uploading /Users/amincheloh/.npm/base91-prebuilt/0.0.5/package.tgz
30 verbose request uri https://registry.npmjs.org/base91-prebuilt
31 verbose request sending authorization for write operation
32 info attempt registry request try #1 at 6:56:49 PM
33 verbose request using bearer token for auth
34 verbose request id 53c178a7e49388a5
35 http request PUT https://registry.npmjs.org/base91-prebuilt
36 http 500 https://registry.npmjs.org/base91-prebuilt
37 verbose headers { 'content-type': 'application/json',
37 verbose headers   'cache-control': 'max-age=0',
37 verbose headers   'content-length': '41',
37 verbose headers   'accept-ranges': 'bytes',
37 verbose headers   date: 'Sat, 27 Aug 2016 11:57:23 GMT',
37 verbose headers   via: '1.1 varnish',
37 verbose headers   connection: 'keep-alive',
37 verbose headers   'x-served-by': 'cache-sin6920-SIN',
37 verbose headers   'x-cache': 'MISS',
37 verbose headers   'x-cache-hits': '0',
37 verbose headers   'x-timer': 'S1472299010.638867,VS0,VE33311' }
38 info retry will retry, error on last attempt: Error: Authorization service failure : base91-prebuilt
39 info attempt registry request try #2 at 6:57:33 PM
40 verbose request using bearer token for auth
41 http request PUT https://registry.npmjs.org/base91-prebuilt
42 http 403 https://registry.npmjs.org/base91-prebuilt
43 verbose headers { 'content-type': 'application/json',
43 verbose headers   'cache-control': 'max-age=300',
43 verbose headers   'content-length': '95',
43 verbose headers   'accept-ranges': 'bytes',
43 verbose headers   date: 'Sat, 27 Aug 2016 11:57:36 GMT',
43 verbose headers   via: '1.1 varnish',
43 verbose headers   connection: 'keep-alive',
43 verbose headers   'x-served-by': 'cache-sin6920-SIN',
43 verbose headers   'x-cache': 'MISS',
43 verbose headers   'x-cache-hits': '0',
43 verbose headers   'x-timer': 'S1472299054.349597,VS0,VE2374',
43 verbose headers   vary: 'Accept-Encoding' }
44 verbose request invalidating /Users/amincheloh/.npm/registry.npmjs.org/base91-prebuilt on PUT
45 error publish Failed PUT 403
46 verbose stack Error: "You cannot publish over the previously published version 0.0.5." : base91-prebuilt
46 verbose stack     at makeError (/usr/local/lib/node_modules/npm/node_modules/npm-registry-client/lib/request.js:264:12)
46 verbose stack     at CachingRegistryClient.<anonymous> (/usr/local/lib/node_modules/npm/node_modules/npm-registry-client/lib/request.js:252:14)
46 verbose stack     at Request._callback (/usr/local/lib/node_modules/npm/node_modules/npm-registry-client/lib/request.js:172:14)
46 verbose stack     at Request.self.callback (/usr/local/lib/node_modules/npm/node_modules/request/request.js:200:22)
46 verbose stack     at emitTwo (events.js:106:13)
46 verbose stack     at Request.emit (events.js:191:7)
46 verbose stack     at Request.<anonymous> (/usr/local/lib/node_modules/npm/node_modules/request/request.js:1067:10)
46 verbose stack     at emitOne (events.js:101:20)
46 verbose stack     at Request.emit (events.js:188:7)
46 verbose stack     at IncomingMessage.<anonymous> (/usr/local/lib/node_modules/npm/node_modules/request/request.js:988:12)
47 verbose statusCode 403
48 verbose pkgid base91-prebuilt
49 verbose cwd /Users/amincheloh/Dropbox/InformatixPlus/mozer-server/base91-prebuilt
50 error Darwin 15.6.0
51 error argv "/usr/local/Cellar/node/6.4.0/bin/node" "/usr/local/bin/npm" "publish"
52 error node v6.4.0
53 error npm  v3.10.3
54 error code E403
55 error "You cannot publish over the previously published version 0.0.5." : base91-prebuilt
56 error If you need help, you may report this error at:
56 error     <https://github.com/npm/npm/issues>
57 verbose exit [ 1, true ]
